<?xml version="1.0" encoding="UTF-8"?>
<testng-results ignored="0" total="1" passed="1" failed="0" skipped="0">
  <reporter-output>
  </reporter-output>
  <suite started-at="2023-12-20T16:09:10 IST" name="Default suite" finished-at="2023-12-20T16:09:10 IST" duration-ms="62">
    <groups>
    </groups>
    <test started-at="2023-12-20T16:09:10 IST" name="Default test" finished-at="2023-12-20T16:09:10 IST" duration-ms="62">
      <class name="courseendproject1.Log4jDemo">
        <test-method signature="method1()[pri:0, instance:courseendproject1.Log4jDemo@1e0f9063]" started-at="2023-12-20T16:09:10 IST" name="method1" finished-at="2023-12-20T16:09:10 IST" duration-ms="17" status="PASS">
          <reporter-output>
          </reporter-output>
        </test-method> <!-- method1 -->
      </class> <!-- courseendproject1.Log4jDemo -->
    </test> <!-- Default test -->
  </suite> <!-- Default suite -->
</testng-results>
